[debug] [2024-07-12T11:25:21.666Z] ----------------------------------------------------------------------
[debug] [2024-07-12T11:25:21.671Z] Command:       C:\Program Files\nodejs\node.exe C:\Users\ma216\AppData\Roaming\npm\node_modules\firebase-tools\lib\bin\firebase.js login
[debug] [2024-07-12T11:25:21.672Z] CLI Version:   13.13.2
[debug] [2024-07-12T11:25:21.673Z] Platform:      win32
[debug] [2024-07-12T11:25:21.673Z] Node Version:  v20.15.0
[debug] [2024-07-12T11:25:21.673Z] Time:          Fri Jul 12 2024 16:25:21 GMT+0500 (Pakistan Standard Time)
[debug] [2024-07-12T11:25:21.673Z] ----------------------------------------------------------------------
[debug] 
[info] i  Firebase optionally collects CLI and Emulator Suite usage and error reporting information to help improve our products. Data is collected in accordance with Google's privacy policy (https://policies.google.com/privacy) and is not used to identify you.
 
[info] 
[info] Visit this URL on this device to log in:
[info] https://accounts.google.com/o/oauth2/auth?client_id=563584335869-fgrhgmd47bqnekij5i8b5pr03ho849e6.apps.googleusercontent.com&scope=email%20openid%20https%3A%2F%2Fwww.googleapis.com%2Fauth%2Fcloudplatformprojects.readonly%20https%3A%2F%2Fwww.googleapis.com%2Fauth%2Ffirebase%20https%3A%2F%2Fwww.googleapis.com%2Fauth%2Fcloud-platform&response_type=code&state=35407752&redirect_uri=http%3A%2F%2Flocalhost%3A9005
[info] 
[info] Waiting for authentication...
[debug] [2024-07-12T11:25:30.123Z] Error: spawn cmd ENOENT
    at ChildProcess._handle.onexit (node:internal/child_process:286:19)
    at onErrorNT (node:internal/child_process:484:16)
    at process.processTicksAndRejections (node:internal/process/task_queues:82:21)
[error] 
[error] Error: An unexpected error has occurred.
